Removed Pin From Net: NetName=VCC3V3 Pin=C1-1
Removed Pin From Net: NetName=GND Pin=C1-2
Removed Pin From Net: NetName=VCC3V3 Pin=C2-1
Removed Pin From Net: NetName=GND Pin=C2-2
Removed Pin From Net: NetName=GND Pin=R4-2
Removed Pin From Net: NetName=GND Pin=R5-2
Removed Member From Class: ClassName=Sheet_Esquematico_STM32 Member=C1
Removed Member From Class: ClassName=Sheet_Esquematico_STM32 Member=C2
Added Component: Designator=H2(SAMTEC_TSM-103-01-SM-DV)
Add component (AddParameter): Name = "Check_prices"; Value = "https://www.snapeda.com/parts/TSM-103-01-SM-DV/Samtec/view-part/?ref=eda"; VariantName = "[No Variations]"
Add component (AddParameter): Name = "Digi-Key_Part_Number"; Value = "TSM-103-01-SM-DV-ND"; VariantName = "[No Variations]"
Add component (AddParameter): Name = "MF"; Value = "Samtec"; VariantName = "[No Variations]"
Add component (AddParameter): Name = "MP"; Value = "TSM-103-01-SM-DV"; VariantName = "[No Variations]"
Add component (AddParameter): Name = "Package"; Value = "None"; VariantName = "[No Variations]"
Add component (AddParameter): Name = "Purchase-URL"; Value = "https://pricing.snapeda.com/search/part/TSM-103-01-SM-DV/?ref=eda"; VariantName = "[No Variations]"
Add component (AddParameter): Name = "SnapEDA_Link"; Value = "https://www.snapeda.com/parts/TSM-103-01-SM-DV/Samtec/view-part/?ref=snap"; VariantName = "[No Variations]"
Add component (AddParameter): Name = "Value"; Value = ""; VariantName = "[No Variations]"
Added Pin To Net: NetName=VCC3V3 Pin=H2-01
Added Pin To Net: NetName=VCC3V3 Pin=H2-02
Added Pin To Net: NetName=GND Pin=H2-05
Added Pin To Net: NetName=GND Pin=H2-06
Added Pin To Net: NetName=NetH2_03 Pin=H2-03
Added Pin To Net: NetName=NetH2_03 Pin=R5-2
Added Net: Name=NetH2_03
Added Pin To Net: NetName=NetH2_04 Pin=H2-04
Added Pin To Net: NetName=NetH2_04 Pin=R4-2
Added Net: Name=NetH2_04
Added Member To Class: ClassName=Sheet_Esquematico_STM32 Member=Component H2 TSM-103-01-SM-DV
Added Member To Class: ClassName=Sheet_Esquematico_STM32 Member=Component R5 Resistor 10k +/-1% 0603 100 mW
